<?xml version="1.0" encoding="UTF-8"?>
<!-- Generated by org.testng.reporters.JUnitReportReporter -->
<testsuite skipped="0" hostname="LAPTOP-D0CIFDTL" name="programs2.MultiplicationTable" tests="2" failures="0" timestamp="2022-12-17T13:51:37 IST" time="0.008" errors="0">
  <testcase name="f1" time="0.007" classname="programs2.MultiplicationTable"/>
  <system-out/>
  <testcase name="f2" time="0.001" classname="programs2.MultiplicationTable"/>
  <system-out/>
</testsuite> <!-- programs2.MultiplicationTable -->
