<?xml version="1.0" encoding="UTF-8"?>
<!-- Generated by org.testng.reporters.JUnitReportReporter -->
<testsuite hostname="MONO-HYD-LAP-12" name="programs2.MultiplicationTable" tests="2" failures="0" timestamp="13 Nov 2019 14:00:26 GMT" time="0.008" errors="0">
  <testcase name="f1" time="0.008" classname="programs2.MultiplicationTable"/>
  <testcase name="f2" time="0.000" classname="programs2.MultiplicationTable"/>
</testsuite> <!-- programs2.MultiplicationTable -->
