<?xml version="1.0" encoding="UTF-8"?>
<!-- Generated by org.testng.reporters.JUnitReportReporter -->
<testsuite hostname="MONO-HYD-LAP-12" name="programs2.ProgramToCheckLeapYear" tests="1" failures="0" timestamp="26 Dec 2019 01:14:13 GMT" time="0.000" errors="0">
  <testcase name="f" time="0.000" classname="programs2.ProgramToCheckLeapYear"/>
</testsuite> <!-- programs2.ProgramToCheckLeapYear -->
