<?xml version="1.0" encoding="UTF-8"?>
<!-- Generated by org.testng.reporters.JUnitReportReporter -->
<testsuite hostname="MONO-HYD-LAP-12" name="programs2.ProgramToCheckAlphabetVowelOrConsonant" tests="1" failures="0" timestamp="29 Nov 2019 18:39:27 GMT" time="0.011" errors="0">
  <testcase name="f1" time="0.011" classname="programs2.ProgramToCheckAlphabetVowelOrConsonant"/>
</testsuite> <!-- programs2.ProgramToCheckAlphabetVowelOrConsonant -->
