<?xml version="1.0" encoding="UTF-8"?>
<!-- Generated by org.testng.reporters.JUnitReportReporter -->
<testsuite hostname="MONO-HYD-LAP-12" name="javaPatternPrograms.Pattern8" tests="1" failures="0" timestamp="17 Nov 2019 08:17:53 GMT" time="0.008" errors="0">
  <testcase name="f" time="0.008" classname="javaPatternPrograms.Pattern8"/>
</testsuite> <!-- javaPatternPrograms.Pattern8 -->
