<?xml version="1.0" encoding="UTF-8"?>
<!-- Generated by org.testng.reporters.JUnitReportReporter -->
<testsuite hostname="MONO-HYD-LAP-12" name="stringprograms2.DuplicateNumber" tests="1" failures="0" timestamp="20 Dec 2019 17:05:30 GMT" time="0.008" errors="0">
  <testcase name="f2" time="0.008" classname="stringprograms2.DuplicateNumber"/>
</testsuite> <!-- stringprograms2.DuplicateNumber -->
