<?xml version="1.0" encoding="UTF-8"?>
<!-- Generated by org.testng.reporters.JUnitReportReporter -->
<testsuite hostname="MONO-HYD-LAP-12" name="stringprograms2.DuplicateNumberAndStrings" tests="1" failures="0" timestamp="18 Nov 2019 17:04:20 GMT" time="0.008" errors="0">
  <testcase name="f" time="0.008" classname="stringprograms2.DuplicateNumberAndStrings"/>
</testsuite> <!-- stringprograms2.DuplicateNumberAndStrings -->
