<?xml version="1.0" encoding="UTF-8"?>
<!-- Generated by org.testng.reporters.JUnitReportReporter -->
<testsuite hostname="MONO-HYD-LAP-12" name="javaPatternPrograms.Pattern33" tests="1" failures="0" timestamp="11 Dec 2019 06:26:56 GMT" time="0.016" errors="0">
  <testcase name="m1" time="0.016" classname="javaPatternPrograms.Pattern33"/>
</testsuite> <!-- javaPatternPrograms.Pattern33 -->
