<?xml version="1.0" encoding="UTF-8"?>
<!-- Generated by org.testng.reporters.JUnitReportReporter -->
<testsuite hostname="MONO-HYD-LAP-12" name="stringprograms2.FindDuplicateChractersFromAString" tests="1" failures="0" timestamp="8 Jan 2020 02:53:14 GMT" time="0.016" errors="0">
  <testcase name="findIt" time="0.016" classname="stringprograms2.FindDuplicateChractersFromAString"/>
</testsuite> <!-- stringprograms2.FindDuplicateChractersFromAString -->
