<?xml version="1.0" encoding="UTF-8"?>
<!-- Generated by org.testng.reporters.JUnitReportReporter -->
<testsuite skipped="1" hostname="LAPTOP-D0CIFDTL" name="javaPatternPrograms.Pattern32" tests="2" failures="0" timestamp="2023-05-13T18:59:16 IST" time="0.008" errors="0">
  <testcase name="method2" time="0.008" classname="javaPatternPrograms.Pattern32"/>
  <system-out/>
  <testcase name="method1" classname="javaPatternPrograms.Pattern32">
    <skipped/>
  </testcase> <!-- method1 -->
  <system-out/>
</testsuite> <!-- javaPatternPrograms.Pattern32 -->
