<?xml version="1.0" encoding="UTF-8"?>
<!-- Generated by org.testng.reporters.JUnitReportReporter -->
<testsuite skipped="0" hostname="LAPTOP-D0CIFDTL" name="programs3.ProgramToFindFirstNonRepeatingCharacter2" tests="2" failures="0" timestamp="2023-01-24T14:23:24 IST" time="0.009" errors="0">
  <testcase name="f" time="0.008" classname="programs3.ProgramToFindFirstNonRepeatingCharacter2"/>
  <system-out/>
  <testcase name="f1" time="0.001" classname="programs3.ProgramToFindFirstNonRepeatingCharacter2"/>
  <system-out/>
</testsuite> <!-- programs3.ProgramToFindFirstNonRepeatingCharacter2 -->
