<?xml version="1.0" encoding="UTF-8"?>
<!-- Generated by org.testng.reporters.JUnitReportReporter -->
<testsuite hostname="MONO-HYD-LAP-12" name="programs.Factorial" tests="1" failures="0" timestamp="13 Nov 2019 07:50:43 GMT" time="59.848" errors="0">
  <testcase name="factorialNumberMethod1" time="59.848" classname="programs.Factorial"/>
</testsuite> <!-- programs.Factorial -->
