<?xml version="1.0" encoding="UTF-8"?>
<!-- Generated by org.testng.reporters.JUnitReportReporter -->
<testsuite skipped="0" hostname="LAPTOP-D0CIFDTL" name="stringprograms2.FindDuplicateChractersFromAString" tests="1" failures="0" timestamp="2023-02-08T08:34:38 IST" time="0.009" errors="0">
  <testcase name="findIt" time="0.009" classname="stringprograms2.FindDuplicateChractersFromAString"/>
  <system-out/>
</testsuite> <!-- stringprograms2.FindDuplicateChractersFromAString -->
