<?xml version="1.0" encoding="UTF-8"?>
<!-- Generated by org.testng.reporters.JUnitReportReporter -->
<testsuite skipped="0" hostname="LAPTOP-D0CIFDTL" name="programs.SumOfNaturalNumbers" tests="2" failures="0" timestamp="2023-02-15T23:22:47 IST" time="0.009" errors="0">
  <testcase name="sumOfNaturalNumbersMethod1" time="0.008" classname="programs.SumOfNaturalNumbers"/>
  <system-out/>
  <testcase name="sumOfNaturalNumbersMethod2" time="0.001" classname="programs.SumOfNaturalNumbers"/>
  <system-out/>
</testsuite> <!-- programs.SumOfNaturalNumbers -->
