<?xml version="1.0" encoding="UTF-8"?>
<!-- Generated by org.testng.reporters.JUnitReportReporter -->
<testsuite hostname="MONO-HYD-LAP-12" name="javaPatternPrograms.Pattern7" tests="1" failures="0" timestamp="17 Nov 2019 08:15:17 GMT" time="0.011" errors="0">
  <testcase name="f1" time="0.011" classname="javaPatternPrograms.Pattern7"/>
</testsuite> <!-- javaPatternPrograms.Pattern7 -->
