<?xml version="1.0" encoding="UTF-8"?>
<!-- Generated by org.testng.reporters.JUnitReportReporter -->
<testsuite hostname="MONO-HYD-LAP-12" name="programs.SumOfNaturalNumbers" tests="2" failures="0" timestamp="29 Nov 2019 18:24:48 GMT" time="0.009" errors="0">
  <testcase name="sumOfNaturalNumbersMethod1" time="0.009" classname="programs.SumOfNaturalNumbers"/>
  <testcase name="sumOfNaturalNumbersMethod2" time="0.000" classname="programs.SumOfNaturalNumbers"/>
</testsuite> <!-- programs.SumOfNaturalNumbers -->
