<?xml version="1.0" encoding="UTF-8"?>
<!-- Generated by org.testng.reporters.JUnitReportReporter -->
<testsuite hostname="MONO-HYD-LAP-12" name="CollectionsExample.RemovingDuplicateCharactersFromString" tests="1" failures="0" timestamp="11 Dec 2019 17:52:30 GMT" time="0.008" errors="0">
  <testcase name="method1" time="0.008" classname="CollectionsExample.RemovingDuplicateCharactersFromString"/>
</testsuite> <!-- CollectionsExample.RemovingDuplicateCharactersFromString -->
