<?xml version="1.0" encoding="UTF-8"?>
<!-- Generated by org.testng.reporters.JUnitReportReporter -->
<testsuite skipped="1" hostname="LAPTOP-D0CIFDTL" name="programs2.CountNumberOfDigitsInInteger" tests="2" failures="0" timestamp="2023-05-23T07:24:32 IST" time="0.005" errors="0">
  <testcase name="f" time="0.005" classname="programs2.CountNumberOfDigitsInInteger"/>
  <system-out/>
  <testcase name="f1" classname="programs2.CountNumberOfDigitsInInteger">
    <skipped/>
  </testcase> <!-- f1 -->
  <system-out/>
</testsuite> <!-- programs2.CountNumberOfDigitsInInteger -->
