<?xml version="1.0" encoding="UTF-8"?>
<!-- Generated by org.testng.reporters.JUnitReportReporter -->
<testsuite skipped="0" hostname="LAPTOP-D0CIFDTL" name="programs2.ProgramToCheckLeapYear" tests="1" failures="0" timestamp="2023-01-03T09:17:50 IST" time="0.008" errors="0">
  <testcase name="f" time="0.008" classname="programs2.ProgramToCheckLeapYear"/>
  <system-out/>
</testsuite> <!-- programs2.ProgramToCheckLeapYear -->
