<?xml version="1.0" encoding="UTF-8"?>
<!-- Generated by org.testng.reporters.JUnitReportReporter -->
<testsuite skipped="0" hostname="LAPTOP-D0CIFDTL" name="stringprograms2.DuplicateNumber" tests="2" failures="0" timestamp="2023-02-05T16:10:39 IST" time="0.009" errors="0">
  <testcase name="f" time="0.008" classname="stringprograms2.DuplicateNumber"/>
  <system-out/>
  <testcase name="f1" time="0.001" classname="stringprograms2.DuplicateNumber"/>
  <system-out/>
</testsuite> <!-- stringprograms2.DuplicateNumber -->
