<?xml version="1.0" encoding="UTF-8"?>
<!-- Generated by org.testng.reporters.JUnitReportReporter -->
<testsuite hostname="MONO-HYD-LAP-12" name="javaPatternPrograms.Pattern32" tests="1" failures="0" timestamp="11 Dec 2019 06:31:30 GMT" time="0.016" errors="0">
  <testcase name="method2" time="0.016" classname="javaPatternPrograms.Pattern32"/>
</testsuite> <!-- javaPatternPrograms.Pattern32 -->
