<?xml version="1.0" encoding="UTF-8"?>
<!-- Generated by org.testng.reporters.JUnitReportReporter -->
<testsuite hostname="MONO-HYD-LAP-12" name="programs2.CountNumberOfDigitsInInteger" tests="1" failures="0" timestamp="19 Nov 2019 12:28:33 GMT" time="0.011" errors="0">
  <testcase name="f" time="0.011" classname="programs2.CountNumberOfDigitsInInteger"/>
</testsuite> <!-- programs2.CountNumberOfDigitsInInteger -->
